{"/Users/zb/Code/open-rpc/generator-mock-server/src/genererate-response.ts": {"path":"/Users/zb/Code/open-rpc/generator-mock-server/src/genererate-response.ts","statementMap":{"0":{"start":{"line":1,"column":0},"end":{"line":1,"column":6}},"1":{"start":{"line":1,"column":12},"end":{"line":1,"column":40}},"2":{"start":{"line":4,"column":0},"end":{"line":4,"column":44}},"3":{"start":{"line":6,"column":13},"end":{"line":26,"column":2}},"4":{"start":{"line":7,"column":8},"end":{"line":7,"column":64}},"5":{"start":{"line":8,"column":8},"end":{"line":8,"column":42}},"6":{"start":{"line":11,"column":10},"end":{"line":11,"column":85}},"7":{"start":{"line":13,"column":10},"end":{"line":13,"column":69}},"8":{"start":{"line":15,"column":10},"end":{"line":18,"column":6}},"9":{"start":{"line":17,"column":9},"end":{"line":17,"column":15}},"10":{"start":{"line":17,"column":22},"end":{"line":17,"column":null}},"11":{"start":{"line":20,"column":12},"end":{"line":20,"column":76}},"12":{"start":{"line":21,"column":6},"end":{"line":21,"column":38}},"13":{"start":{"line":24,"column":25},"end":{"line":24,"column":null}},"14":{"start":{"line":24,"column":8},"end":{"line":24,"column":null}},"15":{"start":{"line":25,"column":2},"end":{"line":25,"column":24}}},"fnMap":{"0":{"name":"(anonymous_15)","decl":{"start":{"line":17,"column":6},"end":{"line":17,"column":7}},"loc":{"start":{"line":17,"column":17},"end":{"line":17,"column":29}}}},"branchMap":{"0":{"loc":{"start":{"line":11,"column":58},"end":{"line":11,"column":77}},"type":"cond-expr","locations":[{"start":{"line":11,"column":58},"end":{"line":11,"column":77}},{"start":{"line":11,"column":80},"end":{"line":11,"column":84}}]}},"s":{"0":1,"1":1,"2":1,"3":1,"4":3,"5":3,"6":2,"7":2,"8":2,"9":2,"10":2,"11":2,"12":2,"13":1,"14":1,"15":1},"f":{"0":2},"b":{"0":[1,1]}}
}
